[    0.000000] Initializing cgroup subsys cpuset
[    0.000000] Initializing cgroup subsys cpu
[    0.000000] Initializing cgroup subsys cpuacct
[    0.000000] Linux version 4.4.0-157-generic (buildd@lgw01-amd64-037) (gcc version 5.4.0 20160609 (Ubuntu 5.4.0-6ubuntu1~16.04.10) ) #185-Ubuntu SMP Tue Jul 23 09:17:01 UTC 2019 (Ubuntu 4.4.0-157.185-generic 4.4.181)
[    0.000000] Command line: BOOT_IMAGE=/boot/vmlinuz-4.4.0-157-generic root=LABEL=cloudimg-rootfs ro console=tty1 console=ttyS0
[    0.000000] KERNEL supported cpus:
[    0.000000]   Intel GenuineIntel
[    0.000000]   AMD AuthenticAMD
[    0.000000]   Centaur CentaurHauls
[    0.000000] x86/fpu: xstate_offset[2]:  576, xstate_sizes[2]:  256
[    0.000000] x86/fpu: Supporting XSAVE feature 0x01: 'x87 floating point registers'
[    0.000000] x86/fpu: Supporting XSAVE feature 0x02: 'SSE registers'
[    0.000000] x86/fpu: Supporting XSAVE feature 0x04: 'AVX registers'
[    0.000000] x86/fpu: Enabled xstate features 0x7, context size is 832 bytes, using 'standard' format.
[    0.000000] e820: BIOS-provided physical RAM map:
[    0.000000] BIOS-e820: [mem 0x0000000000000000-0x000000000009fbff] usable
[    0.000000] BIOS-e820: [mem 0x000000000009fc00-0x000000000009ffff] reserved
[    0.000000] BIOS-e820: [mem 0x00000000000f0000-0x00000000000fffff] reserved
[    0.000000] BIOS-e820: [mem 0x0000000000100000-0x000000003ffeffff] usable
[    0.000000] BIOS-e820: [mem 0x000000003fff0000-0x000000003fffffff] ACPI data
[    0.000000] BIOS-e820: [mem 0x00000000fec00000-0x00000000fec00fff] reserved
[    0.000000] BIOS-e820: [mem 0x00000000fee00000-0x00000000fee00fff] reserved
[    0.000000] BIOS-e820: [mem 0x00000000fffc0000-0x00000000ffffffff] reserved
[    0.000000] NX (Execute Disable) protection: active
[    0.000000] SMBIOS 2.5 present.
[    0.000000] Hypervisor detected: KVM
[    0.000000] e820: last_pfn = 0x3fff0 max_arch_pfn = 0x400000000
[    0.000000] MTRR: Disabled
[    0.000000] x86/PAT: MTRRs disabled, skipping PAT initialization too.
[    0.000000] CPU MTRRs all blank - virtualized system.
[    0.000000] x86/PAT: Configuration [0-7]: WB  WT  UC- UC  WB  WT  UC- UC  
[    0.000000] found SMP MP-table at [mem 0x0009fff0-0x0009ffff] mapped at [ffff88000009fff0]
[    0.000000] Scanning 1 areas for low memory corruption
[    0.000000] RAMDISK: [mem 0x362fc000-0x37175fff]
[    0.000000] ACPI: Early table checksum verification disabled
[    0.000000] ACPI: RSDP 0x00000000000E0000 000024 (v02 VBOX  )
[    0.000000] ACPI: XSDT 0x000000003FFF0030 00003C (v01 VBOX   VBOXXSDT 00000001 ASL  00000061)
[    0.000000] ACPI: FACP 0x000000003FFF00F0 0000F4 (v04 VBOX   VBOXFACP 00000001 ASL  00000061)
[    0.000000] ACPI: DSDT 0x000000003FFF0470 0022EA (v02 VBOX   VBOXBIOS 00000002 INTL 20100528)
[    0.000000] ACPI: FACS 0x000000003FFF0200 000040
[    0.000000] ACPI: FACS 0x000000003FFF0200 000040
[    0.000000] ACPI: APIC 0x000000003FFF0240 00005C (v02 VBOX   VBOXAPIC 00000001 ASL  00000061)
[    0.000000] ACPI: SSDT 0x000000003FFF02A0 0001CC (v01 VBOX   VBOXCPUT 00000002 INTL 20100528)
[    0.000000] No NUMA configuration found
[    0.000000] Faking a node at [mem 0x0000000000000000-0x000000003ffeffff]
[    0.000000] NODE_DATA(0) allocated [mem 0x3ffeb000-0x3ffeffff]
[    0.000000] kvm-clock: Using msrs 4b564d01 and 4b564d00
[    0.000000] kvm-clock: cpu 0, msr 0:3ffe3001, primary cpu clock
[    0.000000] kvm-clock: using sched offset of 3966200362 cycles
[    0.000000] clocksource: kvm-clock: mask: 0xffffffffffffffff max_cycles: 0x1cd42e4dffb, max_idle_ns: 881590591483 ns
[    0.000000] Zone ranges:
[    0.000000]   DMA      [mem 0x0000000000001000-0x0000000000ffffff]
[    0.000000]   DMA32    [mem 0x0000000001000000-0x000000003ffeffff]
[    0.000000]   Normal   empty
[    0.000000]   Device   empty
[    0.000000] Movable zone start for each node
[    0.000000] Early memory node ranges
[    0.000000]   node   0: [mem 0x0000000000001000-0x000000000009efff]
[    0.000000]   node   0: [mem 0x0000000000100000-0x000000003ffeffff]
[    0.000000] Initmem setup node 0 [mem 0x0000000000001000-0x000000003ffeffff]
[    0.000000] ACPI: PM-Timer IO Port: 0x4008
[    0.000000] IOAPIC[0]: apic_id 2, version 32, address 0xfec00000, GSI 0-23
[    0.000000] ACPI: INT_SRC_OVR (bus 0 bus_irq 0 global_irq 2 dfl dfl)
[    0.000000] ACPI: INT_SRC_OVR (bus 0 bus_irq 9 global_irq 9 low level)
[    0.000000] Using ACPI (MADT) for SMP configuration information
[    0.000000] smpboot: Allowing 2 CPUs, 0 hotplug CPUs
[    0.000000] PM: Registered nosave memory: [mem 0x00000000-0x00000fff]
[    0.000000] PM: Registered nosave memory: [mem 0x0009f000-0x0009ffff]
[    0.000000] PM: Registered nosave memory: [mem 0x000a0000-0x000effff]
[    0.000000] PM: Registered nosave memory: [mem 0x000f0000-0x000fffff]
[    0.000000] e820: [mem 0x40000000-0xfebfffff] available for PCI devices
[    0.000000] Booting paravirtualized kernel on KVM
[    0.000000] clocksource: refined-jiffies: mask: 0xffffffff max_cycles: 0xffffffff, max_idle_ns: 7645519600211568 ns
[    0.000000] setup_percpu: NR_CPUS:512 nr_cpumask_bits:512 nr_cpu_ids:2 nr_node_ids:1
[    0.000000] PERCPU: Embedded 34 pages/cpu @ffff88003fc00000 s99544 r8192 d31528 u1048576
[    0.000000] Built 1 zonelists in Node order, mobility grouping on.  Total pages: 257912
[    0.000000] Policy zone: DMA32
[    0.000000] Kernel command line: BOOT_IMAGE=/boot/vmlinuz-4.4.0-157-generic root=LABEL=cloudimg-rootfs ro console=tty1 console=ttyS0
[    0.000000] PID hash table entries: 4096 (order: 3, 32768 bytes)
[    0.000000] Memory: 997736K/1048120K available (8618K kernel code, 1335K rwdata, 4032K rodata, 1484K init, 1284K bss, 50384K reserved, 0K cma-reserved)
[    0.000000] SLUB: HWalign=64, Order=0-3, MinObjects=0, CPUs=2, Nodes=1
[    0.000000] Kernel/User page tables isolation: enabled
[    0.000000] Hierarchical RCU implementation.
[    0.000000] 	Build-time adjustment of leaf fanout to 64.
[    0.000000] 	RCU restricting CPUs from NR_CPUS=512 to nr_cpu_ids=2.
[    0.000000] RCU: Adjusting geometry for rcu_fanout_leaf=64, nr_cpu_ids=2
[    0.000000] NR_IRQS:33024 nr_irqs:440 16
[    0.000000] Console: colour VGA+ 80x25
[    0.000000] console [tty1] enabled
[    0.000000] console [ttyS0] enabled
[    0.000000] tsc: Detected 2904.002 MHz processor
[    0.176145] Calibrating delay loop (skipped) preset value.. 5808.00 BogoMIPS (lpj=11616008)
[    0.178211] pid_max: default: 32768 minimum: 301
[    0.179341] ACPI: Core revision 20150930
[    0.182247] ACPI: 2 ACPI AML tables successfully acquired and loaded
[    0.183915] Security Framework initialized
[    0.184949] Yama: becoming mindful.
[    0.185884] AppArmor: AppArmor initialized
[    0.186996] Dentry cache hash table entries: 131072 (order: 8, 1048576 bytes)
[    0.191558] Inode-cache hash table entries: 65536 (order: 7, 524288 bytes)
[    0.193141] Mount-cache hash table entries: 2048 (order: 2, 16384 bytes)
[    0.194641] Mountpoint-cache hash table entries: 2048 (order: 2, 16384 bytes)
[    0.196404] Initializing cgroup subsys io
[    0.197458] Initializing cgroup subsys memory
[    0.198525] Initializing cgroup subsys devices
[    0.199690] Initializing cgroup subsys freezer
[    0.200781] Initializing cgroup subsys net_cls
[    0.201855] Initializing cgroup subsys perf_event
[    0.202975] Initializing cgroup subsys net_prio
[    0.204081] Initializing cgroup subsys hugetlb
[    0.205142] Initializing cgroup subsys pids
[    0.207941] mce: CPU supports 0 MCE banks
[    0.209031] Last level iTLB entries: 4KB 64, 2MB 8, 4MB 8
[    0.210379] Last level dTLB entries: 4KB 64, 2MB 0, 4MB 0, 1GB 4
[    0.211648] Spectre V2 : Mitigation: Full generic retpoline
[    0.212899] Spectre V2 : Spectre v2 / SpectreRSB mitigation: Filling RSB on context switch
[    0.214773] Speculative Store Bypass: Vulnerable
[    0.215925] MDS: Vulnerable: Clear CPU buffers attempted, no microcode
[    0.220484] Freeing SMP alternatives memory: 36K
[    0.227910] ftrace: allocating 32312 entries in 127 pages
[    0.294812] smpboot: APIC(0) Converting physical 0 to logical package 0
[    0.296374] smpboot: Max logical packages: 1
[    0.297731] x2apic enabled
[    0.298806] Switched APIC routing to physical x2apic.
[    0.301490] ..TIMER: vector=0x30 apic1=0 pin1=2 apic2=-1 pin2=-1
[    0.407428] smpboot: CPU0: Intel(R) Core(TM) i7-7500U CPU @ 2.70GHz (family: 0x6, model: 0x8e, stepping: 0x9)
[    0.409848] Performance Events: unsupported p6 CPU model 142 no PMU driver, software events only.
[    0.422806] KVM setup paravirtual spinlock
[    0.424469] x86: Booting SMP configuration:
[    0.425478] .... node  #0, CPUs:      #1
[    0.426425] kvm-clock: cpu 1, msr 0:3ffe3041, secondary cpu clock
[    0.429040] mce: CPU supports 0 MCE banks
[    0.431764] x86: Booted up 1 node, 2 CPUs
[    0.433041] smpboot: Total of 2 processors activated (11616.00 BogoMIPS)
[    0.434965] devtmpfs: initialized
[    0.437482] evm: security.selinux
[    0.438375] evm: security.SMACK64
[    0.439336] evm: security.SMACK64EXEC
[    0.440292] evm: security.SMACK64TRANSMUTE
[    0.441312] evm: security.SMACK64MMAP
[    0.442261] evm: security.ima
[    0.443080] evm: security.capability
[    0.444304] clocksource: jiffies: mask: 0xffffffff max_cycles: 0xffffffff, max_idle_ns: 7645041785100000 ns
[    0.446553] futex hash table entries: 512 (order: 3, 32768 bytes)
[    0.447973] pinctrl core: initialized pinctrl subsystem
[    0.449247] RTC time: 13:40:52, date: 07/30/19
[    0.450424] NET: Registered protocol family 16
[    0.465574] cpuidle: using governor ladder
[    0.476387] cpuidle: using governor menu
[    0.477647] PCCT header not found.
[    0.478846] ACPI: bus type PCI registered
[    0.480139] acpiphp: ACPI Hot Plug PCI Controller Driver version: 0.5
[    0.482011] PCI: Using configuration type 1 for base access
[    0.499365] ACPI: Added _OSI(Module Device)
[    0.500702] ACPI: Added _OSI(Processor Device)
[    0.501907] ACPI: Added _OSI(3.0 _SCP Extensions)
[    0.503305] ACPI: Added _OSI(Processor Aggregator Device)
[    0.505968] ACPI: Executed 1 blocks of module-level executable AML code
[    0.510590] ACPI: Interpreter enabled
[    0.511556] ACPI: (supports S0 S5)
[    0.512516] ACPI: Using IOAPIC for interrupt routing
[    0.513817] PCI: Using host bridge windows from ACPI; if necessary, use "pci=nocrs" and report a bug
[    0.519726] ACPI: PCI Root Bridge [PCI0] (domain 0000 [bus 00-ff])
[    0.521125] acpi PNP0A03:00: _OSC: OS supports [ASPM ClockPM Segments MSI]
[    0.523334] acpi PNP0A03:00: _OSC: not requesting OS control; OS requires [ExtendedConfig ASPM ClockPM MSI]
[    0.525644] acpi PNP0A03:00: fail to add MMCONFIG information, can't access extended PCI configuration space under this bridge.
[    0.528425] PCI host bridge to bus 0000:00
[    0.529481] pci_bus 0000:00: root bus resource [io  0x0000-0x0cf7 window]
[    0.530961] pci_bus 0000:00: root bus resource [io  0x0d00-0xffff window]
[    0.532513] pci_bus 0000:00: root bus resource [mem 0x000a0000-0x000bffff window]
[    0.534404] pci_bus 0000:00: root bus resource [mem 0x40000000-0xfdffffff window]
[    0.536331] pci_bus 0000:00: root bus resource [bus 00-ff]
[    0.539696] pci 0000:00:01.1: legacy IDE quirk: reg 0x10: [io  0x01f0-0x01f7]
[    0.541211] pci 0000:00:01.1: legacy IDE quirk: reg 0x14: [io  0x03f6]
[    0.542714] pci 0000:00:01.1: legacy IDE quirk: reg 0x18: [io  0x0170-0x0177]
[    0.544245] pci 0000:00:01.1: legacy IDE quirk: reg 0x1c: [io  0x0376]
[    0.568810] pci 0000:00:07.0: quirk: [io  0x4000-0x403f] claimed by PIIX4 ACPI
[    0.586635] pci 0000:00:07.0: quirk: [io  0x4100-0x410f] claimed by PIIX4 SMB
[    0.606420] ACPI: PCI Interrupt Link [LNKA] (IRQs 5 9 10 *11)
[    0.608861] ACPI: PCI Interrupt Link [LNKB] (IRQs 5 9 *10 11)
[    0.610924] ACPI: PCI Interrupt Link [LNKC] (IRQs 5 *9 10 11)
[    0.613252] ACPI: PCI Interrupt Link [LNKD] (IRQs 5 9 10 *11)
[    0.615514] ACPI: Enabled 2 GPEs in block 00 to 07
[    0.617307] vgaarb: setting as boot device: PCI:0000:00:02.0
[    0.619114] vgaarb: device added: PCI:0000:00:02.0,decodes=io+mem,owns=io+mem,locks=none
[    0.621853] vgaarb: loaded
[    0.622857] vgaarb: bridge control possible 0000:00:02.0
[    0.625028] SCSI subsystem initialized
[    0.626232] ACPI: bus type USB registered
[    0.628253] usbcore: registered new interface driver usbfs
[    0.629724] usbcore: registered new interface driver hub
[    0.631019] usbcore: registered new device driver usb
[    0.633211] PCI: Using ACPI for IRQ routing
[    0.635061] NetLabel: Initializing
[    0.636003] NetLabel:  domain hash size = 128
[    0.637220] NetLabel:  protocols = UNLABELED CIPSOv4
[    0.641895] NetLabel:  unlabeled traffic allowed by default
[    0.643317] amd_nb: Cannot enumerate AMD northbridges
[    0.644506] clocksource: Switched to clocksource kvm-clock
[    0.657093] AppArmor: AppArmor Filesystem Enabled
[    0.658270] pnp: PnP ACPI init
[    0.659909] pnp: PnP ACPI: found 3 devices
[    0.670409] clocksource: acpi_pm: mask: 0xffffff max_cycles: 0xffffff, max_idle_ns: 2085701024 ns
[    0.672474] NET: Registered protocol family 2
[    0.673676] TCP established hash table entries: 8192 (order: 4, 65536 bytes)
[    0.675115] TCP bind hash table entries: 8192 (order: 5, 131072 bytes)
[    0.676471] TCP: Hash tables configured (established 8192 bind 8192)
[    0.677844] UDP hash table entries: 512 (order: 2, 16384 bytes)
[    0.679092] UDP-Lite hash table entries: 512 (order: 2, 16384 bytes)
[    0.680432] NET: Registered protocol family 1
[    0.681505] pci 0000:00:00.0: Limiting direct PCI/PCI transfers
[    0.682775] pci 0000:00:01.0: Activating ISA DMA hang workarounds
[    0.684195] Unpacking initramfs...
[    0.915220] Freeing initrd memory: 14824K
[    0.916447] clocksource: tsc: mask: 0xffffffffffffffff max_cycles: 0x29dc079b5d9, max_idle_ns: 440795223751 ns
[    0.918918] platform rtc_cmos: registered platform RTC device (no PNP device found)
[    0.920848] Scanning for low memory corruption every 60 seconds
[    0.922586] audit: initializing netlink subsys (disabled)
[    0.923827] audit: type=2000 audit(1564494058.447:1): initialized
[    0.925484] Initialise system trusted keyring
[    0.926798] HugeTLB registered 2 MB page size, pre-allocated 0 pages
[    0.929452] zbud: loaded
[    0.930604] VFS: Disk quotas dquot_6.6.0
[    0.931669] VFS: Dquot-cache hash table entries: 512 (order 0, 4096 bytes)
[    0.933386] squashfs: version 4.0 (2009/01/31) Phillip Lougher
[    0.935004] fuse init (API version 7.23)
[    0.936160] Key type big_key registered
[    0.937206] Allocating IMA MOK and blacklist keyrings.
[    0.940957] Key type asymmetric registered
[    0.941926] Asymmetric key parser 'x509' registered
[    0.943078] Block layer SCSI generic (bsg) driver version 0.4 loaded (major 249)
[    0.944899] io scheduler noop registered
[    0.945854] io scheduler deadline registered (default)
[    0.947026] io scheduler cfq registered
[    0.948033] pci_hotplug: PCI Hot Plug PCI Core version: 0.5
[    0.949274] pciehp: PCI Express Hot Plug Controller Driver version: 0.4
[    0.950769] ACPI: AC Adapter [AC] (on-line)
[    0.951892] input: Power Button as /devices/LNXSYSTM:00/LNXPWRBN:00/input/input0
[    0.953739] ACPI: Power Button [PWRF]
[    0.954981] input: Sleep Button as /devices/LNXSYSTM:00/LNXSLPBN:00/input/input1
[    0.956817] ACPI: Sleep Button [SLPF]
[    0.958061] GHES: HEST is not enabled!
[    0.959809] ACPI: Battery Slot [BAT0] (battery present)
[    0.961032] Serial: 8250/16550 driver, 32 ports, IRQ sharing enabled
[    0.983247] 00:02: ttyS0 at I/O 0x3f8 (irq = 4, base_baud = 115200) is a 16550A
[    0.986754] Linux agpgart interface v0.103
[    0.989769] loop: module loaded
[    0.991334] scsi host0: ata_piix
[    0.992313] scsi host1: ata_piix
[    0.993395] ata1: PATA max UDMA/33 cmd 0x1f0 ctl 0x3f6 bmdma 0xd000 irq 14
[    0.995302] ata2: PATA max UDMA/33 cmd 0x170 ctl 0x376 bmdma 0xd008 irq 15
[    0.997726] libphy: Fixed MDIO Bus: probed
[    0.999073] tun: Universal TUN/TAP device driver, 1.6
[    1.000586] tun: (C) 1999-2004 Max Krasnyansky <maxk@qualcomm.com>
[    1.002584] PPP generic driver version 2.4.2
[    1.004021] ehci_hcd: USB 2.0 'Enhanced' Host Controller (EHCI) Driver
[    1.005846] ehci-pci: EHCI PCI platform driver
[    1.007264] ehci-platform: EHCI generic platform driver
[    1.008825] ohci_hcd: USB 1.1 'Open' Host Controller (OHCI) Driver
[    1.010548] ohci-pci: OHCI PCI platform driver
[    1.012046] ohci-platform: OHCI generic platform driver
[    1.013800] uhci_hcd: USB Universal Host Controller Interface driver
[    1.016106] i8042: PNP: PS/2 Controller [PNP0303:PS2K,PNP0f03:PS2M] at 0x60,0x64 irq 1,12
[    1.019383] serio: i8042 KBD port at 0x60,0x64 irq 1
[    1.021010] serio: i8042 AUX port at 0x60,0x64 irq 12
[    1.022824] mousedev: PS/2 mouse device common for all mice
[    1.025131] rtc_cmos rtc_cmos: rtc core: registered rtc_cmos as rtc0
[    1.027629] input: AT Translated Set 2 keyboard as /devices/platform/i8042/serio0/input/input2
[    1.030573] rtc_cmos rtc_cmos: alarms up to one day, 114 bytes nvram
[    1.032443] i2c /dev entries driver
[    1.033769] device-mapper: uevent: version 1.0.3
[    1.035273] device-mapper: ioctl: 4.34.0-ioctl (2015-10-28) initialised: dm-devel@redhat.com
[    1.037999] ledtrig-cpu: registered to indicate activity on CPUs
[    1.040228] NET: Registered protocol family 10
[    1.041945] NET: Registered protocol family 17
[    1.043393] Key type dns_resolver registered
[    1.045014] registered taskstats version 1
[    1.046706] Loading compiled-in X.509 certificates
[    1.049336] Loaded X.509 cert 'Build time autogenerated kernel key: 3e01e6df98386236d59670e6b2ed19a044d5324e'
[    1.052360] zswap: loaded using pool lzo/zbud
[    1.055997] Key type trusted registered
[    1.067131] Key type encrypted registered
[    1.068742] AppArmor: AppArmor sha1 policy hashing enabled
[    1.070478] ima: No TPM chip found, activating TPM-bypass!
[    1.072240] ima: Allocated hash algorithm: sha1
[    1.073701] evm: HMAC attrs: 0x1
[    1.075335]   Magic number: 11:771:686
[    1.076710] rtc_cmos rtc_cmos: setting system clock to 2019-07-30 13:40:53 UTC (1564494053)
[    1.079583] BIOS EDD facility v0.16 2004-Jun-25, 0 devices found
[    1.081372] EDD information not available.
[    1.156963] Freeing unused kernel memory: 1484K
[    1.161103] Write protecting the kernel read-only data: 14336k
[    1.168597] Freeing unused kernel memory: 1612K
[    1.173892] Freeing unused kernel memory: 64K
Loading, please wait...
starting version 229
[    1.219006] random: systemd-udevd: uninitialized urandom read (16 bytes read, 3 bits of entropy available)
[    1.221376] random: udevadm: uninitialized urandom read (16 bytes read, 3 bits of entropy available)
[    1.221418] random: udevadm: uninitialized urandom read (16 bytes read, 3 bits of entropy available)
[    1.233223] random: systemd-udevd: uninitialized urandom read (16 bytes read, 3 bits of entropy available)
[    1.235689] random: systemd-udevd: uninitialized urandom read (16 bytes read, 3 bits of entropy available)
[    1.236878] random: udevadm: uninitialized urandom read (16 bytes read, 3 bits of entropy available)
[    1.236940] random: udevadm: uninitialized urandom read (16 bytes read, 3 bits of entropy available)
[    1.237069] random: udevadm: uninitialized urandom read (16 bytes read, 3 bits of entropy available)
[    1.237116] random: udevadm: uninitialized urandom read (16 bytes read, 3 bits of entropy available)
[    1.237160] random: udevadm: uninitialized urandom read (16 bytes read, 3 bits of entropy available)
[    1.285924] e1000: Intel(R) PRO/1000 Network Driver - version 7.3.21-k8-NAPI
[    1.287485] e1000: Copyright (c) 1999-2006 Intel Corporation.
[    1.290990] Fusion MPT base driver 3.04.20
[    1.292360] Copyright (c) 1999-2008 LSI Corporation
[    1.299826] Fusion MPT SPI Host driver 3.04.20
[    1.309121] AVX2 version of gcm_enc/dec engaged.
[    1.310652] AES CTR mode by8 optimization enabled
[    1.503033] input: ImExPS/2 Generic Explorer Mouse as /devices/platform/i8042/serio1/input/input4
[    1.700040] e1000 0000:00:03.0 eth0: (PCI:33MHz:32-bit) 02:c2:66:bb:16:6d
[    1.704275] e1000 0000:00:03.0 eth0: Intel(R) PRO/1000 Network Connection
[    1.707495] mptbase: ioc0: Initiating bringup
[    1.924841] ioc0: LSI53C1030 A0: Capabilities={Initiator}
[    2.388950] scsi host2: ioc0: LSI53C1030 A0, FwRev=00000000h, Ports=1, MaxQ=256, IRQ=20
[    3.019526] scsi 2:0:0:0: Direct-Access     VBOX     HARDDISK         1.0  PQ: 0 ANSI: 5
[    3.032501] scsi target2:0:0: Beginning Domain Validation
[    3.045544] scsi target2:0:0: Domain Validation skipping write tests
[    3.051353] scsi target2:0:0: Ending Domain Validation
[    3.056216] scsi target2:0:0: asynchronous
[    3.093297] scsi 2:0:1:0: Direct-Access     VBOX     HARDDISK         1.0  PQ: 0 ANSI: 5
[    3.096516] scsi target2:0:1: Beginning Domain Validation
[    3.107455] scsi target2:0:1: Domain Validation skipping write tests
[    3.110900] scsi target2:0:1: Ending Domain Validation
[    3.113889] scsi target2:0:1: asynchronous
[    3.133516] sd 2:0:0:0: Attached scsi generic sg0 type 0
[    3.135494] sd 2:0:0:0: [sda] 20971520 512-byte logical blocks: (10.7 GB/10.0 GiB)
[    3.140556] sd 2:0:1:0: [sdb] 20480 512-byte logical blocks: (10.5 MB/10.0 MiB)
[    3.145839] sd 2:0:1:0: [sdb] Write Protect is off
[    3.150706] sd 2:0:1:0: [sdb] Incomplete mode parameter data
[    3.150707] sd 2:0:1:0: [sdb] Assuming drive cache: write through
[    3.160333] sd 2:0:1:0: Attached scsi generic sg1 type 0
[    3.162349] sd 2:0:0:0: [sda] Write Protect is off
[    3.164123] sd 2:0:0:0: [sda] Incomplete mode parameter data
[    3.165841] sd 2:0:0:0: [sda] Assuming drive cache: write through
[    3.433979]  sda: sda1
[    3.436496] sd 2:0:0:0: [sda] Attached SCSI disk
[    3.437740] sd 2:0:1:0: [sdb] Attached SCSI disk
[    3.460164] e1000 0000:00:08.0 eth1: (PCI:33MHz:32-bit) 08:00:27:1d:ea:3e
[    3.461734] e1000 0000:00:08.0 eth1: Intel(R) PRO/1000 Network Connection
[    3.464207] e1000 0000:00:03.0 enp0s3: renamed from eth0
[    3.477070] e1000 0000:00:08.0 enp0s8: renamed from eth1
Begin: Loading essential drivers ... [    4.947964] md: linear personality registered for level -1
[    4.952103] md: multipath personality registered for level -4
[    4.956046] md: raid0 personality registered for level 0
[    4.961133] md: raid1 personality registered for level 1
[    5.032904] raid6: sse2x1   gen() 11753 MB/s
[    5.101207] raid6: sse2x1   xor()  5986 MB/s
[    5.168579] raid6: sse2x2   gen() 12077 MB/s
[    5.240791] raid6: sse2x2   xor()  9428 MB/s
[    5.309079] raid6: sse2x4   gen() 16044 MB/s
[    5.376520] raid6: sse2x4   xor() 10929 MB/s
[    5.444773] raid6: avx2x1   gen() 22853 MB/s
[    5.513134] raid6: avx2x2   gen() 26258 MB/s
[    5.581430] raid6: avx2x4   gen() 23490 MB/s
[    5.582846] raid6: using algorithm avx2x2 gen() 26258 MB/s
[    5.584635] raid6: using avx2x2 recovery algorithm
[    5.587851] xor: automatically using best checksumming function:
[    5.628740]    avx       : 22801.000 MB/sec
[    5.631616] async_tx: api initialized (async)
[    5.642922] md: raid6 personality registered for level 6
[    5.644095] md: raid5 personality registered for level 5
[    5.645323] md: raid4 personality registered for level 4
[    5.651905] md: raid10 personality registered for level 10
done.
Begin: Running /scripts/init-premount ... done.
Begin: Mounting root file system ... Begin: Running /scripts/local-top ... done.
Begin: Running /scripts/local-premount ... [    5.683569] Btrfs loaded
Scanning for Btrfs filesystems
done.
Warning: fsck not present, so skipping root file system
[    6.019177] EXT4-fs (sda1): mounted filesystem with ordered data mode. Opts: (null)
done.
Begin: Running /scripts/local-bottom ... done.
Begin: Running /scripts/init-bottom ... done.
[    6.262594] systemd[1]: systemd 229 running in system mode. (+PAM +AUDIT +SELINUX +IMA +APPARMOR +SMACK +SYSVINIT +UTMP +LIBCRYPTSETUP +GCRYPT +GNUTLS +ACL +XZ -LZ4 +SECCOMP +BLKID +ELFUTILS +KMOD -IDN)
[    6.266829] systemd[1]: Detected virtualization oracle.
[    6.268030] systemd[1]: Detected architecture x86-64.

Welcome to [1mUbuntu 16.04.6 LTS[0m!

[    6.272838] systemd[1]: Set hostname to <ubuntu>.
[    6.276943] systemd[1]: Initializing machine ID from random generator.
[    6.278406] systemd[1]: Installed transient /etc/machine-id file.
[    6.416175] systemd[1]: Listening on LVM2 poll daemon socket.
[[0;32m  OK  [0m] Listening on LVM2 poll daemon socket.
[    6.419505] systemd[1]: Created slice User and Session Slice.
[[0;32m  OK  [0m] Created slice User and Session Slice.
[    6.421871] systemd[1]: Listening on Syslog Socket.
[[0;32m  OK  [0m] Listening on Syslog Socket.
[    6.423944] systemd[1]: Listening on LVM2 metadata daemon socket.
[[0;32m  OK  [0m] Listening on LVM2 metadata daemon socket.
[    6.426353] systemd[1]: Listening on udev Control Socket.
[[0;32m  OK  [0m] Listening on udev Control Socket.
[    6.428755] systemd[1]: Set up automount Arbitrary Executable File Formats File System Automount Point.
[[0;32m  OK  [0m] Set up automount Arbitrary Executab...ats File System Automount Point.
[    6.432152] systemd[1]: Reached target System Time Synchronized.
[[0;32m  OK  [0m] Reached target System Time Synchronized.
[    6.434542] systemd[1]: Listening on /dev/initctl Compatibility Named Pipe.
[[0;32m  OK  [0m] Listening on /dev/initctl Compatibility Named Pipe.
[    6.437052] systemd[1]: Listening on Journal Audit Socket.
[[0;32m  OK  [0m] Listening on Journal Audit Socket.
[    6.439231] systemd[1]: Listening on Journal Socket (/dev/log).
[[0;32m  OK  [0m] Listening on Journal Socket (/dev/log).
[    6.441324] systemd[1]: Reached target Encrypted Volumes.
[[0;32m  OK  [0m] Reached target Encrypted Volumes.
[    6.917110] systemd[1]: Listening on Journal Socket.
[[0;32m  OK  [0m] Listening on Journal Socket.
[    6.925740] systemd[1]: Reached target Swap.
[[0;32m  OK  [0m] Reached target Swap.
[    6.933310] systemd[1]: Reached target User and Group Name Lookups.
[[0;32m  OK  [0m] Reached target User and Group Name Lookups.
[    6.943251] systemd[1]: Started Forward Password Requests to Wall Directory Watch.
[[0;32m  OK  [0m] Started Forward Password Requests to Wall Directory Watch.
[    6.954841] systemd[1]: Listening on Device-mapper event daemon FIFOs.
[[0;32m  OK  [0m] Listening on Device-mapper event daemon FIFOs.
[    6.962095] systemd[1]: Listening on udev Kernel Socket.
[[0;32m  OK  [0m] Listening on udev Kernel Socket.
[Created slice System Slice.
[[0;32m  OK  [0m] Created slice System Slice.
[    7.752883] systemd[1]: Starting Uncomplicated firewall...
         Starting Uncomplicated firewall...
[    7.758014] systemd[1]: Created slice system-serial\x2dgetty.slice.
[[0;32m  OK  [0m] Created slice system-serial\x2dgetty.slice.
[    7.761950] systemd[1]: Starting Monitoring of LVM2 mirrors, snapshots etc. using dmeventd or progress polling...
         Starting Monitoring of LVM2 mirrors... dmeventd or progress polling...
[    7.767311] systemd[1]: Mounting Debug File System...
         Mounting Debug File System...
[    7.771245] systemd[1]: Mounting POSIX Message Queue File System...
         Mounting POSIX Message Queue File System...
[    7.775527] systemd[1]: Starting Remount Root and Kernel File Systems...
         Starting Remount Root and Kernel File Systems...
[    7.785633] EXT4-fs (sda1): re-mounted. Opts: (null)
[    7.789252] systemd[1]: Starting Load Kernel Modules...
         Starting Load Kernel Modules...
[    7.792755] systemd[1]: Starting Create list of required static device nodes for the current kernel...
         Starting Create list of required st... nodes for the current kernel...
[    7.803226] systemd[1]: Starting Journal Service...
         Starting Journal Service...
[    7.806739] systemd[1]: Starting Nameserver information manager...
         Starting Nameserver information manager...
[    7.809986] systemd[1]: Reached target Slices.
[[0;32m  OK  [0m] Reached target Slices.
[    7.814481] Loading iSCSI transport class v2.0-870.
[    7.815874] systemd[1]: Starting Set console keymap...
         Starting Set console keymap...
[    7.819967] systemd[1]: Mounting Huge Pages File System...
         Mounting Huge Pages File System...
[    7.824927] systemd[1]: Started Trigger resolvconf update for networkd DNS.
[[0;32m  OK  [0m] Started Trigger resolvconf update for networkd DNS.
[    7.829784] iscsi: registered transport (tcp)
[    7.831367] systemd[1]: Mounted Huge Pages File System.
[[0;32m  OK  [0m] Mounted Huge Pages File System.
[    7.845199] systemd[1]: Mounted Debug File System.
[[0;32m  OK  [0m] Mounted Debug File System.
[    7.849304] systemd[1]: Mounted POSIX Message Queue File System.
[[0;32m  OK  [0m] Mounted POSIX Message Queue File System.
[    7.857675] systemd[1]: Started Uncomplicated firewall.
[[0;32m  OK  [0m] Started Uncomplicated firewall.
[    7.863036] systemd[1]: Started Remount Root and Kernel File Systems.
[[0;32m  OK  [0m] Started Remount Root and Kernel File Systems.
[    7.873584] systemd[1]: Started Create list of required static device nodes for the current kernel.
[[0;32m  OK  [0m] Started Create list of required sta...ce nodes for the current kernel.
[    7.881789] random: nonblocking pool is initialized
[    7.894702] systemd[1]: Started Journal Service.
[[0;32m  OK  [0m] Started Journal Service.
[[0;32m  OK  [0m] Started Nameserver information manager.
[    7.920101] iscsi: registered transport (iser)
[[0;32m  OK  [0m] Started Load Kernel Modules.
[[0;32m  OK  [0m] Started Set console keymap.
         Mounting FUSE Control File System...
         Starting Apply Kernel Variables...
[[0;32m  OK  [0m] Started LVM2 metadata daemon.
         Starting Create Static Device Nodes in /dev...
         Starting Flush Journal to Persistent Storage...
         Starting udev Coldplug all Devices...
         Starting Load/Save Random Seed...
[[0;32m  OK  [0m] Mounted FUSE Control File System.
[[0;32m  OK  [0m] Started Apply Kernel Variables.
[[0;32m  OK  [0m] Started Load/Save Random Seed.
[[0;32m  OK  [0m] Started Create Static Device Nodes in /dev.
[[0;32m  OK  [0m] Started Flush Journal to Persistent Storage.
[[0;32m  OK  [0m] Started udev Coldplug all Devices.
         Starting udev Kernel Device Manager...
[[0;32m  OK  [0m] Started udev Kernel Device Manager.
[[0;32m  OK  [0m] Started Dispatch Password Requests to Console Directory Watch.
[[0;32m  OK  [0m] Started Monitoring of LVM2 mirrors,...ng dmeventd or progress polling.
[[0;32m  OK  [0m] Reached target Local File Systems (Pre).
[[0;32m  OK  [0m] Reached target Local File Systems.
         Starting Create Volatile Files and Directories...
         Starting LSB: AppArmor initialization...
         Starting Set console font and keymap...
         Starting Initial cloud-init job (pre-networking)...
         Starting Commit a transient machine-id on disk...
         Starting Tell Plymouth To Write Out Runtime Data...
[[0;32m  OK  [0m] Started Create Volatile Files and Directories.
[[0;32m  OK  [0m] Started Tell Plymouth To Write Out Runtime Data.
[[0;32m  OK  [0m] Found device /dev/ttyS0.
[[0;32m  OK  [0m] Started Commit a transient machine-id on disk.
         Starting Update UTMP about System Boot/Shutdown...
[[0;32m  OK  [0m] Started Update UTMP about System Boot/Shutdown.
[[0;32m  OK  [0m] Listening on Load/Save RF Kill Switch Status /dev/rfkill Watch.
[[0;32m  OK  [0m] Started Initial cloud-init job (pre-networking).
[[0;32m  OK  [0m] Reached target Network (Pre).
[    9.612182] cloud-init[506]: Cloud-init v. 19.1-1-gbaa47854-0ubuntu1~16.04.1 running 'init-local' at Tue, 30 Jul 2019 13:41:01 +0000. Up 9.12 seconds.
[[0;32m  OK  [0m] Started Set console font and keymap.
[[0;32m  OK  [0m] Created slice system-getty.slice.
[[0;32m  OK  [0m] Started LSB: AppArmor initialization.
         Starting Raise network interfaces...
[[0;32m  OK  [0m] Started Raise network interfaces.
         Starting Initial cloud-init job (metadata service crawler)...
[[0;32m  OK  [0m] Reached target Network.
[   11.814049] cloud-init[960]: Cloud-init v. 19.1-1-gbaa47854-0ubuntu1~16.04.1 running 'init' at Tue, 30 Jul 2019 13:41:03 +0000. Up 11.19 seconds.
[   11.817048] cloud-init[960]: ci-info: ++++++++++++++++++++++++++++++++++++++Net device info+++++++++++++++++++++++++++++++++++++++
[   11.819071] cloud-init[960]: ci-info: +--------+-------+----------------------------+---------------+--------+-------------------+
[   11.821084] cloud-init[960]: ci-info: | Device |   Up  |          Address           |      Mask     | Scope  |     Hw-Address    |
[   11.823351] cloud-init[960]: ci-info: +--------+-------+----------------------------+---------------+--------+-------------------+
[   11.825665] cloud-init[960]: ci-info: | enp0s3 |  True |         10.0.2.15          | 255.255.255.0 | global | 02:c2:66:bb:16:6d |
[   11.827926] cloud-init[960]: ci-info: | enp0s3 |  True | fe80::c2:66ff:febb:166d/64 |       .       |  link  | 02:c2:66:bb:16:6d |
[   11.830462] cloud-init[960]: ci-info: | enp0s8 | False |             .              |       .       |   .    | 08:00:27:1d:ea:3e |
[   11.832751] cloud-init[960]: ci-info: |   lo   |  True |         127.0.0.1          |   255.0.0.0   |  host  |         .         |
[   11.834941] cloud-init[960]: ci-info: |   lo   |  True |          ::1/128           |       .       |  host  |         .         |
[   11.837182] cloud-init[960]: ci-info: +--------+-------+----------------------------+---------------+--------+-------------------+
[   11.844102] cloud-init[960]: ci-info: +++++++++++++++++++++++++++Route IPv4 info++++++++++++++++++++++++++++
[   11.853148] cloud-init[960]: ci-info: +-------+-------------+----------+---------------+-----------+-------+
[   11.855094] cloud-init[960]: ci-info: | Route | Destination | Gateway  |    Genmask    | Interface | Flags |
[   11.857185] cloud-init[960]: ci-info: +-------+-------------+----------+---------------+-----------+-------+
[   11.864765] cloud-init[960]: ci-info: |   0   |   0.0.0.0   | 10.0.2.2 |    0.0.0.0    |   enp0s3  |   UG  |
[   11.866750] cloud-init[960]: ci-info: |   1   |   10.0.2.0  | 0.0.0.0  | 255.255.255.0 |   enp0s3  |   U   |
[   11.868879] cloud-init[960]: ci-info: +-------+-------------+----------+---------------+-----------+-------+
[   11.871588] cloud-init[960]: ci-info: +++++++++++++++++++Route IPv6 info+++++++++++++++++++
[   11.873551] cloud-init[960]: ci-info: +-------+-------------+---------+-----------+-------+
[   11.880381] cloud-init[960]: ci-info: | Route | Destination | Gateway | Interface | Flags |
[   11.882493] cloud-init[960]: ci-info: +-------+-------------+---------+-----------+-------+
[   11.884588] cloud-init[960]: ci-info: |   0   |  fe80::/64  |    ::   |   enp0s3  |   U   |
[   11.886972] cloud-init[960]: ci-info: |   3   |   ff00::/8  |    ::   |   enp0s3  |   U   |
[   11.888967] cloud-init[960]: ci-info: +-------+-------------+---------+-----------+-------+
[   11.890760] cloud-init[960]: Generating public/private rsa key pair.
[   11.892418] cloud-init[960]: Your identification has been saved in /etc/ssh/ssh_host_rsa_key.
[   11.894334] cloud-init[960]: Your public key has been saved in /etc/ssh/ssh_host_rsa_key.pub.
[   11.897096] cloud-init[960]: The key fingerprint is:
[   11.898576] cloud-init[960]: SHA256:l67ufE1HaYTc20uTe60mLGthELxxyiPmQWRKAUeTn5s root@ubuntu-xenial
[   11.900476] cloud-init[960]: The key's randomart image is:
[   11.908695] cloud-init[960]: +---[RSA 2048]----+
[   11.909934] cloud-init[960]: |  .o*+o.   . o   |
[   11.911227] cloud-init[960]: |   o.+. + . o o  |
[   11.912446] cloud-init[960]: |    .o o *   . +.|
[   11.920504] cloud-init[960]: |      * *  .  =+.|
[   11.921761] cloud-init[960]: |     o =Soo  o. =|
[   11.922882] cloud-init[960]: |      E  oo . .oo|
[   11.924050] cloud-init[960]: |         ..= . ..|
[   11.932978] cloud-init[960]: |       . .+ + o  |
[   11.933196] cloud-init[960]: |       o=o.o o   |
[   11.933720] cloud-init[960]: +----[SHA256]-----+
[   11.934342] cloud-init[960]: Generating public/private dsa key pair.
[   11.934803] cloud-init[960]: Your identification has been saved in /etc/ssh/ssh_host_dsa_key.
[   11.935239] cloud-init[960]: Your public key has been saved in /etc/ssh/ssh_host_dsa_key.pub.
[   11.935950] cloud-init[960]: The key fingerprint is:
[   11.936450] cloud-init[960]: SHA256:ENW5zgsjmT7x+Ym+mclu7fyJI3GW3//twvIH167RqZ4 root@ubuntu-xenial
[   11.937119] cloud-init[960]: The key's randomart image is:
[   11.937790] cloud-init[960]: +---[DSA 1024]----+
[   11.938472] cloud-init[960]: |      .... .     |
[   11.939195] cloud-init[960]: |       .  o      |
[   11.939624] cloud-init[960]: |      .    .     |
[   11.940756] cloud-init[960]: |       .  .      |
[   11.941463] cloud-init[960]: |       oSo .    .|
[   11.941962] cloud-init[960]: |      = + *   ..+|
[   11.942306] cloud-init[960]: |     . + O o o.=.|
[   11.942820] cloud-init[960]: |      o.=*+oo.*.+|
[   11.943163] cloud-init[960]: |       =X=*o+Eo**|
[   11.943693] cloud-init[960]: +----[SHA256]-----+
[   11.944087] cloud-init[960]: Generating public/private ecdsa key pair.
[   11.944582] cloud-init[960]: Your identification has been saved in /etc/ssh/ssh_host_ecdsa_key.
[   11.945055] cloud-init[960]: Your public key has been saved in /etc/ssh/ssh_host_ecdsa_key.pub.
[   11.945415] cloud-init[960]: The key fingerprint is:
[   11.945904] cloud-init[960]: SHA256:sxZcfmqiooXd4lJvrtoCJRhQnMBySA9BaMWvD9hGuck root@ubuntu-xenial
[   11.946260] cloud-init[960]: The key's randomart image is:
[   11.946785] cloud-init[960]: +---[ECDSA 256]---+
[   11.947123] cloud-init[960]: |OX=o             |
[   11.947657] cloud-init[960]: |=o*.             |
[   11.948011] cloud-init[960]: |+o .o     .      |
[[0;32m  OK  [0m] Started Initial cloud-init job (metadata service crawler).
[   11.948507] cloud-init[960]: |o .o . . o       |
[   11.958705] [[0;32m  OK  [0m] Reached target Cloud-config availability.
[[0;32m  OK  [0m] Reached target Network is Online.
cloud-init[960]: | o= +   S . .    |
[   11.963077] cloud-init[960]: |.. E..   + o     |
[   11.964129] cloud-init[960]: | .o.*.. + o      |
[   11.965159] cloud-init[960]: |  o+.ooo o       |
[   11.966180] cloud-init[960]: |  o=+=o          |
[   11.967276] cloud-init[960]: +----[SHA256]-----+
[   11.968362] cloud-init[960]: Generating public/private ed25519 key pair.
[   11.969826] cloud-init[960]: Your identification has been saved in /etc/ssh/ssh_host_ed25519_key.
[   11.971405] cloud-init[960]: Your public key has been saved in /etc/ssh/ssh_host_ed25519_key.pub.
[   11.973481] cloud-init[960]: The key fingerprint is:
[   11.974886] cloud-init[960]: SHA256:3h6xOcrEuznRs1BeUxDTokanQ4TislZMuO0tjJCSF1E root@ubuntu-xenial         Starting iSCSI initiator daemon (iscsid)...
[[0;32m  OK  [0m] Reached target System Initialization.

[   11.979134] cloud-init[960]: [[0;32m  OK  [0m] Started ACPI Events Check.
[[0;32m  OK  [0m] Reached target Paths.
[[0;32m  OK  [0m] Started Daily Cleanup of Temporary Directories.
[[0;32m  OK  [0m] Started Daily apt download activities.
[[0;32m  OK  [0m] Started Daily apt upgrade and clean activities.
[[0;32m  OK  [0m] Reached target Timers.
         Starting Socket activation for snappy daemon.
[[0;32m  OK  [0m] Listening on UUID daemon activation socket.
[[0;32m  OK  [0m] Listening on D-Bus System Message Bus Socket.
The key's randomart image is:         Starting LXD - unix socket.
[[0;32m  OK  [0m] Listening on ACPID Listen Socket.

[[0;32m  OK  [0m] Listening on Socket activation for snappy daemon.
[   11.993970] cloud-init[960]: +--[ED25519 256]--+
[   11.995857] cloud-init[960]: |  .oE.   o. ++   |
[   12.000930] cloud-init[960]: |  . . o . o o.o  |
[   12.001261] cloud-init[960]: | . o * . o + o   |
[   12.001847] cloud-init[960]: |o + o =   * o    |
[   12.002160] cloud-init[960]: | o . B .S=.o .   |
[   12.002860] cloud-init[960]: |    + +o+.++     |
[   12.003557] cloud-init[960]: |   .   .+o*o     |
[   12.004912] cloud-init[960]: |       o.=.o     |
[   12.005067] cloud-init[960]: |        *o.      |
[   12.005931] cloud-init[960]: +----[SHA256]-----+
[[0;32m  OK  [0m] Listening on LXD - unix socket.
[[0;32m  OK  [0m] Reached target Sockets.
[[0;32m  OK  [0m] Reached target Basic System.
         Starting LSB: MD monitoring daemon...
[[0;32m  OK  [0m] Started FUSE filesystem for LXC.
         Starting Pollinate to seed the pseudo random number generator...
[[0;32m  OK  [0m] Started Regular background program processing daemon.
         Starting /etc/rc.local Compatibility...
         Starting Accounts Service...
         Starting System Logging Service...
[[0;32m  OK  [0m] Started D-Bus System Message Bus.
         Starting Snappy daemon...
         Starting Virtualbox guest utils...
         Starting Login Service...
         Starting LSB: Record successful boot for GRUB...
[[0;32m  OK  [0m] Started Deferred execution scheduler.
[[0;32m  OK  [0m] Started ACPI event daemon.
         Starting LXD - container startup/shutdown...
[[0;32m  OK  [0m] Started System Logging Service.
[[0;32m  OK  [0m] Started /etc/rc.local Compatibility.
[[0;32m  OK  [0m] Started iSCSI initiator daemon (iscsid).
         Starting Authenticate and Authorize Users to Run Privileged Tasks...
         Starting Login to default iSCSI targets...
[[0;32m  OK  [0m] Started LSB: MD monitoring daemon.
[[0;32m  OK  [0m] Started Login Service.
[[0;32m  OK  [0m] Started LSB: Record successful boot for GRUB.
[[0;32m  OK  [0m] Started Unattended Upgrades Shutdown.
[[0;32m  OK  [0m] Started Login to default iSCSI targets.
[[0;32m  OK  [0m] Reached target Remote File Systems (Pre).
[[0;32m  OK  [0m] Reached target Remote File Systems.
         Starting Permit User Sessions...
         Starting LSB: automatic crash report generation...
         Starting LSB: Set the CPU Frequency Scaling governor to "ondemand"...
         Starting LSB: daemon to balance interrupts for SMP systems...
[[0;32m  OK  [0m] Started Permit User Sessions.
         Starting Terminate Plymouth Boot Screen...
         Starting Hold until boot process finishes up...
[[0;32m  OK  [0m] Started Authenticate and Authorize Users to Run Privileged Tasks.
[[0;32m  OK  [0m] Started Terminate Plymouth Boot Screen.
[[0;32m  OK  [0m] Started Hold until boot process finishes up.
[[0;32m  OK  [0m] Started Accounts Service.
[[0;32m  OK  [0m] Started LSB: daemon to balance interrupts for SMP systems.
[[0;32m  OK  [0m] Started Virtualbox guest utils.
[[0;32m  OK  [0m] Started Getty on tty1.
         Starting Set console scheme...
[[0;32m  OK  [0m] Started Serial Getty on ttyS0.
[[0;32m  OK  [0m] Reached target Login Prompts.
[[0;32m  OK  [0m] Started LSB: Set the CPU Frequency Scaling governor to "ondemand".
[[0;32m  OK  [0m] Started Set console scheme.
[[0;32m  OK  [0m] Started LSB: automatic crash report generation.
[[0;32m  OK  [0m] Started LXD - container startup/shutdown.
[[0;32m  OK  [0m] Started Pollinate to seed the pseudo random number generator.
         Starting OpenBSD Secure Shell server...
[[0;32m  OK  [0m] Started OpenBSD Secure Shell server.
[[0;32m  OK  [0m] Started Snappy daemon.
         Starting Wait until snapd is fully seeded...
[[0;32m  OK  [0m] Created slice User Slice of vagrant.
         Starting User Manager for UID 1000...
[[0;32m  OK  [0m] Started Session 1 of user vagrant.
[[0;32m  OK  [0m] Started User Manager for UID 1000.
[[0;32m  OK  [0m] Started Wait until snapd is fully seeded.
         Starting Apply the settings specified in cloud-config...
[[0;32m  OK  [0m] Reached target Multi-User System.
[[0;32m  OK  [0m] Reached target Graphical Interface.
         Starting Update UTMP about System Runlevel Changes...
[[0;32m  OK  [0m] Started Update UTMP about System Runlevel Changes.
[   14.569661] cloud-init[1394]: Generating locales (this might take a while)...
[   15.766607] cloud-init[1394]:   en_US.UTF-8... done
[   15.768553] cloud-init[1394]: Generation complete.
[   16.120354] cloud-init[1394]: Cloud-init v. 19.1-1-gbaa47854-0ubuntu1~16.04.1 running 'modules:config' at Tue, 30 Jul 2019 13:41:07 +0000. Up 14.41 seconds.
[[0;32m  OK  [0m] Started Apply the settings specified in cloud-config.
         Starting Execute cloud user/final scripts...
         Stopping User Manager for UID 1000...
[[0;32m  OK  [0m] Stopped User Manager for UID 1000.
[[0;32m  OK  [0m] Removed slice User Slice of vagrant.
[[0;32m  OK  [0m] Created slice User Slice of vagrant.
         Starting User Manager for UID 1000...
[[0;32m  OK  [0m] Started Session 2 of user vagrant.
[[0;32m  OK  [0m] Started User Manager for UID 1000.
ci-info: no authorized ssh keys fingerprints found for user ubuntu.
<14>Jul 30 13:41:09 ec2: 
<14>Jul 30 13:41:09 ec2: #############################################################
<14>Jul 30 13:41:09 ec2: -----BEGIN SSH HOST KEY FINGERPRINTS-----
<14>Jul 30 13:41:09 ec2: 1024 SHA256:ENW5zgsjmT7x+Ym+mclu7fyJI3GW3//twvIH167RqZ4 root@ubuntu-xenial (DSA)
<14>Jul 30 13:41:09 ec2: 256 SHA256:sxZcfmqiooXd4lJvrtoCJRhQnMBySA9BaMWvD9hGuck root@ubuntu-xenial (ECDSA)
<14>Jul 30 13:41:09 ec2: 256 SHA256:3h6xOcrEuznRs1BeUxDTokanQ4TislZMuO0tjJCSF1E root@ubuntu-xenial (ED25519)
<14>Jul 30 13:41:09 ec2: 2048 SHA256:l67ufE1HaYTc20uTe60mLGthELxxyiPmQWRKAUeTn5s root@ubuntu-xenial (RSA)
<14>Jul 30 13:41:09 ec2: -----END SSH HOST KEY FINGERPRINTS-----
<14>Jul 30 13:41:09 ec2: #############################################################
-----BEGIN SSH HOST KEY KEYS-----
ecdsa-sha2-nistp256 AAAAE2VjZHNhLXNoYTItbmlzdHAyNTYAAAAIbmlzdHAyNTYAAABBBMXqAmW7gr5Bwau8IHY175eXt/erJrOvhQIHAgDEawd1AvdO0gdgkM6bzw1A2Zo1zo99z/Y9oZgZ6Q0oemEf+7c= root@ubuntu-xenial
ssh-ed25519 AAAAC3NzaC1lZDI1NTE5AAAAIFG7qBYNWHd6MEoBbQS+TSirzFHRGL6hle8detJOS+wp root@ubuntu-xenial
ssh-rsa AAAAB3NzaC1yc2EAAAADAQABAAABAQDCqjbURuLLiWHu6kZ7uOieVCdNwyUvleCfhMsUqAVBmAD1ogeMVwfLXwsXRppMfHj3adsViIWWybOCZ39MzRS/SY/MPXrp04EolIXN0KXry/Sm1jCr5QdDzHUPKCop70xCQkYEzhJZ5Bb62akCH738eYojcaTudDsMB/kMNswf3NJ+9RQ3ELkRxixO05hurjvFBVhaI2OaXFdkNzQvyauvN+GnC2v70skFbUBg+pZAmlWVnvMHQmfbwY9QPV/9Dnkz0LYdE0Dk4BYuTlCizOj+ATIMDShZhHW10ixq4wdw1awwSN85zYqNl7uY3xR1n3M/oVy+2oTWQQdk0LGowxKL root@ubuntu-xenial
-----END SSH HOST KEY KEYS-----
[   17.200839] cloud-init[1551]: Cloud-init v. 19.1-1-gbaa47854-0ubuntu1~16.04.1 running 'modules:final' at Tue, 30 Jul 2019 13:41:09 +0000. Up 16.75 seconds.
[   17.213451] cloud-init[1551]: ci-info: no authorized ssh keys fingerprints found for user ubuntu.
[   17.217143] cloud-init[1551]: Cloud-init v. 19.1-1-gbaa47854-0ubuntu1~16.04.1 finished at Tue, 30 Jul 2019 13:41:09 +0000. Datasource DataSourceNoCloud [seed=/dev/sdb][dsmode=net].  Up 17.18 seconds
[[0;32m  OK  [0m] Started Execute cloud user/final scripts.
[[0;32m  OK  [0m] Reached target Cloud-init target.

Ubuntu 16.04.6 LTS ubuntu-xenial ttyS0

ubuntu-xenial login: 